<?xml version="1.0" encoding="UTF-8"?>
<!-- Generated by org.testng.reporters.JUnitXMLReporter -->
<testsuite hostname="tetyanas-MacBook-Pro.local" name="MyTest" tests="2" failures="1" timestamp="8 Dec 2016 09:06:28 GMT" time="0.072" errors="0">
  <testcase name="loginWithEmail" time="0.017" classname="Listeners.LoginTest"/>
  <testcase name="loginWithFacebook" time="0.015" classname="Listeners.LoginTest">
    <failure type="java.lang.AssertionError" message="expected [Todos] but found [Tiana]">
      <![CDATA[java.lang.AssertionError: expected [Todos] but found [Tiana]
	at Listeners.LoginTest.loginWithFacebook(LoginTest.java:16)
... Removed 29 stack frames]]>
    </failure>
  </testcase> <!-- loginWithFacebook -->
</testsuite> <!-- MyTest -->
