<?xml version="1.0" encoding="UTF-8"?>
<!-- Generated by org.testng.reporters.JUnitXMLReporter -->
<testsuite hostname="tetyanas-MacBook-Pro.local" name="Login/SignUp Tests" tests="6" failures="0" timestamp="7 Dec 2016 09:46:19 GMT" time="0.073" errors="0">
  <testcase name="LoginviaEmail" time="0.02" classname="TestNG.LoginTest"/>
  <testcase name="LoginviaFacebook" time="0.006" classname="TestNG.LoginTest"/>
  <testcase name="LoginviaInstagram" time="0.001" classname="TestNG.LoginTest"/>
  <testcase name="SignUpviaEmail" time="0.002" classname="TestNG.SignUpTest"/>
  <testcase name="SignUpviaFacebook" time="0.005" classname="TestNG.SignUpTest"/>
  <testcase name="SignUpviaInstagram" time="0.002" classname="TestNG.SignUpTest"/>
</testsuite> <!-- Login/SignUp Tests -->
