<?xml version="1.0" encoding="UTF-8"?>
<!-- Generated by org.testng.reporters.JUnitXMLReporter -->
<testsuite hostname="tetyanas-MacBook-Pro.local" name="Payment Tests" tests="3" failures="0" timestamp="7 Dec 2016 09:46:19 GMT" time="0.015" errors="0">
  <testcase name="PaymentinDollar" time="0.002" classname="TestNG.PaymentTest"/>
  <testcase name="PaymentinEuro" time="0.001" classname="TestNG.PaymentTest"/>
  <testcase name="PaymentReturnedbyBank" time="0.002" classname="TestNG.ReturnPaymentTest"/>
</testsuite> <!-- Payment Tests -->
